<?xml version="1.0" encoding="UTF-8"?>
<testng-results ignored="0" total="1" passed="1" failed="0" skipped="0">
  <reporter-output>
  </reporter-output>
  <suite started-at="2023-03-23T15:36:22 CDT" name="Default suite" finished-at="2023-03-23T15:36:24 CDT" duration-ms="2451">
    <groups>
    </groups>
    <test started-at="2023-03-23T15:36:22 CDT" name="Default test" finished-at="2023-03-23T15:36:24 CDT" duration-ms="2451">
      <class name="entToendAPITests.PassResultToAnotherAPI">
        <test-method signature="getUser(org.testng.ITestContext)[pri:1, instance:entToendAPITests.PassResultToAnotherAPI@4e7912d8]" started-at="2023-03-23T15:36:22 CDT" name="getUser" finished-at="2023-03-23T15:36:24 CDT" duration-ms="2424" status="PASS">
          <params>
            <param index="0">
              <value>
                <![CDATA[org.testng.TestRunner@8f2ef19]]>
              </value>
            </param>
          </params>
          <reporter-output>
          </reporter-output>
        </test-method> <!-- getUser -->
      </class> <!-- entToendAPITests.PassResultToAnotherAPI -->
    </test> <!-- Default test -->
  </suite> <!-- Default suite -->
</testng-results>
